<?xml version="1.0" encoding="UTF-8"?>
<testsuite name="JacocoDemoTest" tests="1" skipped="0" failures="0" errors="0" timestamp="2022-03-06T10:45:32" hostname="rj" time="0.068">
  <properties/>
  <testcase name="testPositive" classname="JacocoDemoTest" time="0.068"/>
  <system-out><![CDATA[Number is even
Number is odd
]]></system-out>
  <system-err><![CDATA[]]></system-err>
</testsuite>
